<?xml version="1.0" encoding="UTF-8"?>
<!-- Generated by org.testng.reporters.JUnitReportReporter -->
<testsuite hostname="Abirami_Ch" failures="0" tests="1" name="com.example.selenium.TestBrowser" time="10.733" errors="0" timestamp="2024-06-07T14:55:28 CEST" skipped="0">
  <testcase classname="com.example.selenium.TestBrowser" name="Test1" time="10.733"/>
  <system-out/>
</testsuite> <!-- com.example.selenium.TestBrowser -->
